{
  "RSpec": {
    "coverage": {
      "/Users/danielfenjves/development/projects/DiveLog/app/models/dive.rb": [
        1,
        1,
        1,
        1,
        1,
        1,
        1,
        null,
        1,
        null,
        1,
        null,
        1,
        1,
        null,
        1,
        null,
        1,
        0,
        null,
        null,
        1,
        0,
        null,
        null,
        1,
        0,
        null,
        null,
        1,
        null,
        1,
        6,
        null,
        null,
        null
      ],
      "/Users/danielfenjves/development/projects/DiveLog/app/models/diver.rb": [
        1,
        1,
        1,
        null,
        1,
        null,
        1,
        0,
        0,
        0,
        0,
        0,
        0,
        0,
        0,
        0,
        null,
        null,
        null,
        1,
        0,
        null,
        null,
        null
      ],
      "/Users/danielfenjves/development/projects/DiveLog/app/models/fish.rb": [
        1,
        1,
        1,
        null
      ],
      "/Users/danielfenjves/development/projects/DiveLog/app/models/operator.rb": [
        1,
        1,
        null
      ],
      "/Users/danielfenjves/development/projects/DiveLog/app/models/photo.rb": [
        1,
        1,
        1,
        null
      ],
      "/Users/danielfenjves/development/projects/DiveLog/app/models/dive_fish.rb": [
        1,
        1,
        1,
        null
      ],
      "/Users/danielfenjves/development/projects/DiveLog/app/models/diver_dive.rb": [
        1,
        1,
        1,
        null
      ]
    },
    "timestamp": 1397570087
  }
}
