{
  "RSpec": {
    "coverage": {
      "/Users/danielfenjves/development/projects/DiveLog/app/controllers/fish_controller.rb": [
        1,
        null,
        null
      ],
      "/Users/danielfenjves/development/projects/DiveLog/app/controllers/application_controller.rb": [
        1,
        null,
        null,
        1,
        null,
        1,
        1,
        415,
        null,
        1,
        null,
        1,
        120,
        null,
        1,
        null,
        null
      ],
      "/Users/danielfenjves/development/projects/DiveLog/app/models/dive.rb": [
        1,
        1,
        1,
        1,
        1,
        1,
        1,
        null,
        1,
        null,
        1,
        1,
        null,
        null,
        1,
        1,
        null,
        1,
        null,
        1,
        29,
        null,
        null,
        1,
        0,
        null,
        null,
        1,
        0,
        null,
        null,
        1,
        null,
        1,
        41,
        null,
        null,
        null,
        1,
        57,
        1,
        16,
        null,
        null,
        null,
        null
      ],
      "/Users/danielfenjves/development/projects/DiveLog/app/models/diver.rb": [
        1,
        1,
        1,
        null,
        1,
        null,
        1,
        23,
        23,
        23,
        23,
        23,
        23,
        23,
        23,
        23,
        null,
        null,
        null,
        1,
        0,
        null,
        null,
        null
      ],
      "/Users/danielfenjves/development/projects/DiveLog/app/models/fish.rb": [
        1,
        1,
        1,
        null
      ],
      "/Users/danielfenjves/development/projects/DiveLog/app/models/operator.rb": [
        1,
        1,
        null
      ],
      "/Users/danielfenjves/development/projects/DiveLog/app/models/photo.rb": [
        1,
        1,
        1,
        null
      ],
      "/Users/danielfenjves/development/projects/DiveLog/app/models/dive_fish.rb": [
        1,
        1,
        1,
        null
      ],
      "/Users/danielfenjves/development/projects/DiveLog/app/models/diver_dive.rb": [
        1,
        1,
        1,
        null
      ],
      "/Users/danielfenjves/development/projects/DiveLog/app/controllers/sessions_controller.rb": [
        1,
        1,
        23,
        23,
        23,
        null,
        null,
        1,
        26,
        26,
        null,
        null
      ],
      "/Users/danielfenjves/development/projects/DiveLog/app/controllers/root_controller.rb": [
        1,
        1,
        null,
        null
      ],
      "/Users/danielfenjves/development/projects/DiveLog/app/controllers/dives_controller.rb": [
        1,
        null,
        1,
        null,
        1,
        1,
        0,
        null,
        1,
        null,
        null,
        null,
        null,
        null,
        1,
        29,
        29,
        null,
        null,
        1,
        23,
        22,
        null,
        1,
        null,
        null,
        null,
        1,
        20,
        20,
        20,
        20,
        0,
        null,
        20,
        20,
        null,
        0,
        0,
        0,
        null,
        0,
        0,
        null,
        null,
        null,
        null,
        null,
        1,
        0,
        0,
        0,
        0,
        null,
        null,
        null,
        1,
        21,
        21,
        14,
        28,
        null,
        7,
        14,
        null,
        null,
        null,
        null,
        1,
        0,
        0,
        0,
        null,
        0,
        null,
        null,
        null,
        1,
        0,
        0,
        0,
        null,
        0,
        null,
        null,
        1,
        null,
        1,
        0,
        null,
        null,
        1,
        50,
        50,
        null,
        null,
        1,
        41,
        null,
        null,
        null
      ]
    },
    "timestamp": 1397586254
  }
}
